<?xml version="1.0" encoding="UTF-8"?>
<!-- Generated by org.testng.reporters.JUnitReportReporter -->
<testsuite hostname="LAPTOP-K4EODMHG" failures="0" tests="4" name="com.test.AttachmentsTest" time="61.978" errors="0" timestamp="2021-03-16T16:19:39 IST" skipped="0">
  <testcase classname="com.test.AttachmentsTest" name="TC1" time="22.580"/>
  <system-out/>
  <testcase classname="com.test.AttachmentsTest" name="TC3" time="12.757"/>
  <system-out/>
  <testcase classname="com.test.AttachmentsTest" name="TC4" time="12.886"/>
  <system-out/>
  <testcase classname="com.test.AttachmentsTest" name="TC2" time="13.755"/>
  <system-out/>
</testsuite> <!-- com.test.AttachmentsTest -->
