<?xml version="1.0" encoding="UTF-8"?>
<!-- Generated by org.testng.reporters.JUnitReportReporter -->
<testsuite hostname="LAPTOP-K4EODMHG" failures="0" tests="1" name="com.test.BoardTest" time="32.417" errors="0" timestamp="2021-03-16T16:06:49 IST" skipped="0">
  <testcase classname="com.test.BoardTest" name="f" time="32.417"/>
  <system-out/>
</testsuite> <!-- com.test.BoardTest -->
