<?xml version="1.0" encoding="UTF-8"?>
<!-- Generated by org.testng.reporters.JUnitReportReporter -->
<testsuite hostname="LAPTOP-K4EODMHG" failures="0" tests="1" name="com.page.logout" time="0.011" errors="0" timestamp="2021-03-15T17:00:12 IST" skipped="0">
  <testcase classname="com.page.logout" name="testLogger" time="0.011"/>
  <system-out/>
</testsuite> <!-- com.page.logout -->
