<?xml version="1.0" encoding="UTF-8"?>
<!-- Generated by org.testng.reporters.JUnitReportReporter -->
<testsuite hostname="LAPTOP-K4EODMHG" failures="0" tests="1" name="com.test.ManageralReportTest" time="36.670" errors="0" timestamp="2021-03-16T16:05:49 IST" skipped="0">
  <testcase classname="com.test.ManageralReportTest" name="TC5" time="36.670"/>
  <system-out/>
</testsuite> <!-- com.test.ManageralReportTest -->
